<?xml version="1.0" encoding="UTF-8"?>
<testng-results ignored="0" total="1" passed="0" failed="1" skipped="0">
  <reporter-output>
  </reporter-output>
  <suite started-at="2020-12-10T11:36:51Z" name="BDD Test Suite" finished-at="2020-12-10T11:36:53Z" duration-ms="1495">
    <groups>
      <group name="cucumber">
        <method signature="TestRunner.feature(cucumber.api.testng.CucumberFeatureWrapper)[pri:0, instance:MyRunner.TestRunner@672872e1]" name="feature" class="MyRunner.TestRunner"/>
      </group> <!-- cucumber -->
    </groups>
    <test started-at="2020-12-10T11:36:51Z" name="Lambdatest ToDO Sample Test" finished-at="2020-12-10T11:36:53Z" duration-ms="1495">
      <class name="MyRunner.TestRunner">
        <test-method is-config="true" signature="setUpClass()[pri:0, instance:MyRunner.TestRunner@672872e1]" started-at="2020-12-10T11:36:51Z" name="setUpClass" finished-at="2020-12-10T11:36:52Z" duration-ms="399" status="PASS">
          <reporter-output>
          </reporter-output>
        </test-method> <!-- setUpClass -->
        <test-method signature="feature(cucumber.api.testng.CucumberFeatureWrapper)[pri:0, instance:MyRunner.TestRunner@672872e1]" started-at="2020-12-10T11:36:52Z" name="feature" description="Runs Cucumber Feature" data-provider="features" finished-at="2020-12-10T11:36:53Z" duration-ms="833" status="FAIL">
          <params>
            <param index="0">
              <value>
                <![CDATA[Add new item to ToDO list]]>
              </value>
            </param>
          </params>
          <exception class="cucumber.runtime.CucumberException">
            <message>
              <![CDATA[java.lang.Error: Unresolved compilation problems: 
Configuration cannot be resolved
Configuration cannot be resolved
Configuration cannot be resolved
Configuration cannot be resolved
Configuration cannot be resolved
Configuration cannot be resolved
]]>
            </message>
            <full-stacktrace>
              <![CDATA[cucumber.runtime.CucumberException: java.lang.Error: Unresolved compilation problems: 
Configuration cannot be resolved
Configuration cannot be resolved
Configuration cannot be resolved
Configuration cannot be resolved
Configuration cannot be resolved
Configuration cannot be resolved

at cucumber.api.testng.TestNGCucumberRunner.runCucumber(TestNGCucumberRunner.java:69)
at MyRunner.TestRunner.feature(TestRunner.java:36)
at java.base/jdk.internal.reflect.NativeMethodAccessorImpl.invoke0(Native Method)
at java.base/jdk.internal.reflect.NativeMethodAccessorImpl.invoke(NativeMethodAccessorImpl.java:62)
at java.base/jdk.internal.reflect.DelegatingMethodAccessorImpl.invoke(DelegatingMethodAccessorImpl.java:43)
at java.base/java.lang.reflect.Method.invoke(Method.java:564)
at org.testng.internal.MethodInvocationHelper.invokeMethod(MethodInvocationHelper.java:124)
at org.testng.internal.Invoker.invokeMethod(Invoker.java:583)
at org.testng.internal.Invoker.invokeTestMethod(Invoker.java:719)
at org.testng.internal.Invoker.invokeTestMethods(Invoker.java:989)
at org.testng.internal.TestMethodWorker.invokeTestMethods(TestMethodWorker.java:125)
at org.testng.internal.TestMethodWorker.run(TestMethodWorker.java:109)
at org.testng.TestRunner.privateRun(TestRunner.java:648)
at org.testng.TestRunner.run(TestRunner.java:505)
at org.testng.SuiteRunner.runTest(SuiteRunner.java:455)
at org.testng.SuiteRunner.access$000(SuiteRunner.java:40)
at org.testng.SuiteRunner$SuiteWorker.run(SuiteRunner.java:489)
at org.testng.internal.thread.ThreadUtil$1.call(ThreadUtil.java:52)
at java.base/java.util.concurrent.FutureTask.run(FutureTask.java:264)
at java.base/java.util.concurrent.ThreadPoolExecutor.runWorker(ThreadPoolExecutor.java:1130)
at java.base/java.util.concurrent.ThreadPoolExecutor$Worker.run(ThreadPoolExecutor.java:630)
at java.base/java.lang.Thread.run(Thread.java:832)
Caused by: java.lang.Error: Unresolved compilation problems: 
Configuration cannot be resolved
Configuration cannot be resolved
Configuration cannot be resolved
Configuration cannot be resolved
Configuration cannot be resolved
Configuration cannot be resolved

at stepDefinitions.ToDoStepDefinition.user_already_on_home_page(ToDoStepDefinition.java:24)
at ✽.Given user is on home Page(todo.feature:5)
]]>
            </full-stacktrace>
          </exception> <!-- cucumber.runtime.CucumberException -->
          <reporter-output>
          </reporter-output>
        </test-method> <!-- feature -->
        <test-method is-config="true" signature="tearDownClass()[pri:0, instance:MyRunner.TestRunner@672872e1]" started-at="2020-12-10T11:36:53Z" name="tearDownClass" finished-at="2020-12-10T11:36:53Z" duration-ms="55" status="PASS">
          <reporter-output>
          </reporter-output>
        </test-method> <!-- tearDownClass -->
      </class> <!-- MyRunner.TestRunner -->
    </test> <!-- Lambdatest ToDO Sample Test -->
  </suite> <!-- BDD Test Suite -->
</testng-results>
